<?xml version="1.0" encoding="UTF-8"?>
<robot generator="Robot 7.1.1 (Python 3.13.0 on win32)" generated="2024-10-28T23:12:13.169512" rpa="false" schemaversion="5">
<suite id="s1" name="Test" source="E:\tester\Robot\Test.robot">
<test id="s1-t1" name="TC-001" line="53">
<kw name="Test Function 01">
<kw name="Log To Console" owner="BuiltIn">
<arg>Hello</arg>
<doc>Logs the given message to the console.</doc>
<status status="PASS" start="2024-10-28T23:12:13.202998" elapsed="0.000235"/>
</kw>
<status status="PASS" start="2024-10-28T23:12:13.202521" elapsed="0.000809"/>
</kw>
<kw name="Test Function 02">
<kw name="Log To Console" owner="BuiltIn">
<arg>${inputData}</arg>
<doc>Logs the given message to the console.</doc>
<status status="PASS" start="2024-10-28T23:12:13.203734" elapsed="0.000182"/>
</kw>
<arg>"สวัสดี"</arg>
<status status="PASS" start="2024-10-28T23:12:13.203533" elapsed="0.000443"/>
</kw>
<status status="PASS" start="2024-10-28T23:12:13.201857" elapsed="0.002264"/>
</test>
<status status="PASS" start="2024-10-28T23:12:13.171057" elapsed="0.033543"/>
</suite>
<statistics>
<total>
<stat pass="1" fail="0" skip="0">All Tests</stat>
</total>
<tag>
</tag>
<suite>
<stat pass="1" fail="0" skip="0" id="s1" name="Test">Test</stat>
</suite>
</statistics>
<errors>
</errors>
</robot>
